<?xml version="1.0" encoding="UTF-8"?>
<!-- Generated by org.testng.reporters.JUnitReportReporter -->
<testsuite skipped="0" hostname="LAPTOP-B77MLISK" name="SampleTest" tests="1" failures="0" timestamp="2020-11-10T12:04:30 EET" time="0.010" errors="0">
  <testcase name="Sum" time="0.010" classname="SampleTest"/>
  <system-out/>
</testsuite> <!-- SampleTest -->
